page/android/app/build/outputs/logs/manifest-merger-release-report.txt
-- Merging decision tree log ---
manifest
ADDED from src/main/AndroidManifest.xml:1:1-86:12
	package
		ADDED from src/main/AndroidManifest.xml:2:5-26
		INJECTED from src/main/AndroidManifest.xml
		INJECTED from src/main/AndroidManifest.xml
	android:versionName
		INJECTED from src/main/AndroidManifest.xml
		INJECTED from src/main/AndroidManifest.xml
	xmlns:android
		ADDED from src/main/AndroidManifest.xml:1:11-69
	android:versionCode
		INJECTED from src/main/AndroidManifest.xml
		INJECTED from src/main/AndroidManifest.xml
uses-permission#android.permission.INTERNET
ADDED from src/main/AndroidManifest.xml:4:5-67
	android:name
		ADDED from src/main/AndroidManifest.xml:4:22-64
uses-permission#android.permission.SYSTEM_ALERT_WINDOW
ADDED from src/main/AndroidManifest.xml:5:5-77
MERGED from [com.facebook.react:react-native:0.55.4] AndroidManifest.xml:11:5-78
	android:name
		ADDED from src/main/AndroidManifest.xml:5:22-75
uses-permission#android.permission.RECORD_AUDIO
ADDED from src/main/AndroidManifest.xml:8:5-71
	android:name
		ADDED from src/main/AndroidManifest.xml:8:22-68
uses-permission#android.permission.CAMERA
ADDED from src/main/AndroidManifest.xml:9:5-65
	android:name
		ADDED from src/main/AndroidManifest.xml:9:22-62
uses-permission#android.permission.READ_PHONE_STATE
ADDED from src/main/AndroidManifest.xml:10:5-75
	android:name
		ADDED from src/main/AndroidManifest.xml:10:22-72
uses-permission#android.permission.WRITE_EXTERNAL_STORAGE
ADDED from src/main/AndroidManifest.xml:11:5-81
	android:name
		ADDED from src/main/AndroidManifest.xml:11:22-78
uses-permission#android.permission.ACCESS_NETWORK_STATE
ADDED from src/main/AndroidManifest.xml:13:5-79
	android:name
		ADDED from src/main/AndroidManifest.xml:13:22-76
uses-permission#android.permission.ACCESS_WIFI_STATE
ADDED from src/main/AndroidManifest.xml:14:5-76
	android:name
		ADDED from src/main/AndroidManifest.xml:14:22-73
uses-permission#android.permission.READ_EXTERNAL_STORAGE
ADDED from src/main/AndroidManifest.xml:16:5-80
	android:name
		ADDED from src/main/AndroidManifest.xml:16:22-77
uses-permission#android.permission.MOUNT_UNMOUNT_FILESYSTEMS
ADDED from src/main/AndroidManifest.xml:17:5-84
	android:name
		ADDED from src/main/AndroidManifest.xml:17:22-81
uses-permission#android.permission.WRITE_SETTINGS
ADDED from src/main/AndroidManifest.xml:18:5-73
	android:name
		ADDED from src/main/AndroidManifest.xml:18:22-70
uses-permission#android.permission.ACCESS_FINE_LOCATION
ADDED from src/main/AndroidManifest.xml:19:5-79
	android:name
		ADDED from src/main/AndroidManifest.xml:19:22-76
uses-permission#android.hardware.camera.autofocus
ADDED from src/main/AndroidManifest.xml:20:5-73
	android:name
		ADDED from src/main/AndroidManifest.xml:20:22-70
uses-permission#android.permission.WAKE_LOCK
ADDED from src/main/AndroidManifest.xml:21:5-68
	android:name
		ADDED from src/main/AndroidManifest.xml:21:22-65
uses-feature#android.hardware.camera
ADDED from src/main/AndroidManifest.xml:25:5-27:36
	android:required
		ADDED from src/main/AndroidManifest.xml:27:9-33
	android:name
		ADDED from src/main/AndroidManifest.xml:26:9-47
uses-feature#android.hardware.camera.front
ADDED from src/main/AndroidManifest.xml:28:5-30:36
	android:required
		ADDED from src/main/AndroidManifest.xml:30:9-33
	android:name
		ADDED from src/main/AndroidManifest.xml:29:9-53
uses-feature#android.hardware.camera.autofocus
ADDED from src/main/AndroidManifest.xml:31:5-33:36
	android:required
		ADDED from src/main/AndroidManifest.xml:33:9-33
	android:name
		ADDED from src/main/AndroidManifest.xml:32:9-57
uses-feature#android.hardware.camera.flash
ADDED from src/main/AndroidManifest.xml:34:5-36:36
	android:required
		ADDED from src/main/AndroidManifest.xml:36:9-33
	android:name
		ADDED from src/main/AndroidManifest.xml:35:9-53
application
ADDED from src/main/AndroidManifest.xml:40:5-84:19
MERGED from [com.facebook.react:react-native:0.55.4] AndroidManifest.xml:13:5-20
MERGED from [com.android.support:appcompat-v7:23.0.1] AndroidManifest.xml:22:5-20
MERGED from [com.facebook.soloader:soloader:0.1.0] AndroidManifest.xml:3:3-17
MERGED from [org.webkit:android-jsc:r174650] AndroidManifest.xml:2:3-17
MERGED from [page:faceplatform-ui:unspecified] AndroidManifest.xml:11:5-53
MERGED from [page:faceplatform-release:unspecified] AndroidManifest.xml:11:5-20
MERGED from [com.android.support:support-v4:23.0.1] AndroidManifest.xml:22:5-20
	android:label
		ADDED from src/main/AndroidManifest.xml:42:7-39
	android:allowBackup
		ADDED from src/main/AndroidManifest.xml:44:7-34
	android:icon
		ADDED from src/main/AndroidManifest.xml:43:7-41
	android:theme
		ADDED from src/main/AndroidManifest.xml:45:7-38
	android:name
		ADDED from src/main/AndroidManifest.xml:41:7-38
activity#com.mht.app.MainActivity
ADDED from src/main/AndroidManifest.xml:46:7-55:18
	android:label
		ADDED from src/main/AndroidManifest.xml:48:9-41
	android:windowSoftInputMode
		ADDED from src/main/AndroidManifest.xml:50:9-51
	android:configChanges
		ADDED from src/main/AndroidManifest.xml:49:9-79
	android:name
		ADDED from src/main/AndroidManifest.xml:47:9-37
intent-filter#android.intent.action.MAIN+android.intent.category.LAUNCHER
ADDED from src/main/AndroidManifest.xml:51:9-54:25
action#android.intent.action.MAIN
ADDED from src/main/AndroidManifest.xml:52:13-65
	android:name
		ADDED from src/main/AndroidManifest.xml:52:21-62
category#android.intent.category.LAUNCHER
ADDED from src/main/AndroidManifest.xml:53:13-73
	android:name
		ADDED from src/main/AndroidManifest.xml:53:23-70
activity#com.facebook.react.devsupport.DevSettingsActivity
ADDED from src/main/AndroidManifest.xml:56:7-84
	android:name
		ADDED from src/main/AndroidManifest.xml:56:17-81
activity#com.mht.app.DetailsActivity
ADDED from src/main/AndroidManifest.xml:57:7-51
	android:name
		ADDED from src/main/AndroidManifest.xml:57:17-48
activity#com.mht.app.ActivityMain
ADDED from src/main/AndroidManifest.xml:58:7-63:18
	android:screenOrientation
		ADDED from src/main/AndroidManifest.xml:61:9-45
	android:launchMode
		ADDED from src/main/AndroidManifest.xml:60:9-39
	android:theme
		ADDED from src/main/AndroidManifest.xml:62:9-45
	android:name
		ADDED from src/main/AndroidManifest.xml:59:9-48
activity#com.mht.app.FaceLivenessExpActivity
ADDED from src/main/AndroidManifest.xml:65:9-70:52
	android:screenOrientation
		ADDED from src/main/AndroidManifest.xml:69:13-49
	android:hardwareAccelerated
		ADDED from src/main/AndroidManifest.xml:67:13-47
	android:launchMode
		ADDED from src/main/AndroidManifest.xml:68:13-43
	android:theme
		ADDED from src/main/AndroidManifest.xml:70:13-49
	android:name
		ADDED from src/main/AndroidManifest.xml:66:13-63
activity#com.mht.app.FaceDetectExpActivity
ADDED from src/main/AndroidManifest.xml:72:9-77:52
	android:screenOrientation
		ADDED from src/main/AndroidManifest.xml:76:13-49
	android:hardwareAccelerated
		ADDED from src/main/AndroidManifest.xml:74:13-47
	android:launchMode
		ADDED from src/main/AndroidManifest.xml:75:13-43
	android:theme
		ADDED from src/main/AndroidManifest.xml:77:13-49
	android:name
		ADDED from src/main/AndroidManifest.xml:73:13-61
activity#com.mht.app.SettingsActivity
ADDED from src/main/AndroidManifest.xml:79:9-83:52
	android:screenOrientation
		ADDED from src/main/AndroidManifest.xml:82:13-49
	android:launchMode
		ADDED from src/main/AndroidManifest.xml:81:13-43
	android:theme
		ADDED from src/main/AndroidManifest.xml:83:13-49
	android:name
		ADDED from src/main/AndroidManifest.xml:80:13-56
uses-sdk
INJECTED from src/main/AndroidManifest.xml reason: use-sdk injection requested
MERGED from [com.facebook.react:react-native:0.55.4] AndroidManifest.xml:7:5-9:41
MERGED from [com.android.support:appcompat-v7:23.0.1] AndroidManifest.xml:20:5-43
MERGED from [com.facebook.fbui.textlayoutbuilder:textlayoutbuilder:1.0.0] AndroidManifest.xml:14:5-16:41
MERGED from [com.facebook.fresco:fresco:1.3.0] AndroidManifest.xml:5:5-7:41
MERGED from [com.facebook.fresco:drawee:1.3.0] AndroidManifest.xml:5:5-7:41
MERGED from [com.facebook.fresco:imagepipeline-okhttp3:1.3.0] AndroidManifest.xml:5:5-7:41
MERGED from [com.facebook.fresco:imagepipeline:1.3.0] AndroidManifest.xml:5:5-7:41
MERGED from [com.facebook.fresco:imagepipeline-base:1.3.0] AndroidManifest.xml:5:5-7:41
MERGED from [com.facebook.fresco:fbcore:1.3.0] AndroidManifest.xml:5:5-7:41
MERGED from [com.facebook.soloader:soloader:0.1.0] AndroidManifest.xml:2:3-70
MERGED from [page:faceplatform-ui:unspecified] AndroidManifest.xml:7:5-9:41
MERGED from [page:faceplatform-release:unspecified] AndroidManifest.xml:7:5-9:41
MERGED from [com.android.support:recyclerview-v7:23.0.1] AndroidManifest.xml:20:5-43
MERGED from [com.android.support:support-v4:23.0.1] AndroidManifest.xml:20:5-43
	android:targetSdkVersion
		INJECTED from src/main/AndroidManifest.xml
		INJECTED from src/main/AndroidManifest.xml
	android:minSdkVersion
		INJECTED from src/main/AndroidManifest.xml
		INJECTED from src/main/AndroidManifest.xml